D:\新建文件夹\源代码\YLWQ\DEBUG\YLWQ.EXE
D:\新建文件夹\源代码\YLWQ\DEBUG\YLWQ.ILK
D:\新建文件夹\源代码\YLWQ\DEBUG\YLWQ.PDB
D:\新建文件夹\源代码\YLWQ\YLWQ\Debug\cl.command.1.tlog
D:\新建文件夹\源代码\YLWQ\YLWQ\Debug\CL.read.1.tlog
D:\新建文件夹\源代码\YLWQ\YLWQ\Debug\CL.write.1.tlog
D:\新建文件夹\源代码\YLWQ\YLWQ\DEBUG\FISH.OBJ
D:\新建文件夹\源代码\YLWQ\YLWQ\DEBUG\FUNC.OBJ
D:\新建文件夹\源代码\YLWQ\YLWQ\DEBUG\G_FISH.OBJ
D:\新建文件夹\源代码\YLWQ\YLWQ\DEBUG\G_LOADING.OBJ
D:\新建文件夹\源代码\YLWQ\YLWQ\DEBUG\G_SAVE.OBJ
D:\新建文件夹\源代码\YLWQ\YLWQ\DEBUG\G_SET.OBJ
D:\新建文件夹\源代码\YLWQ\YLWQ\DEBUG\GAME.OBJ
D:\新建文件夹\源代码\YLWQ\YLWQ\DEBUG\GAMEBACK.OBJ
D:\新建文件夹\源代码\YLWQ\YLWQ\DEBUG\GCOM.OBJ
D:\新建文件夹\源代码\YLWQ\YLWQ\Debug\link.7028.read.1.tlog
D:\新建文件夹\源代码\YLWQ\YLWQ\Debug\link.7028.write.1.tlog
D:\新建文件夹\源代码\YLWQ\YLWQ\Debug\link.7028-cvtres.read.1.tlog
D:\新建文件夹\源代码\YLWQ\YLWQ\Debug\link.7028-cvtres.write.1.tlog
D:\新建文件夹\源代码\YLWQ\YLWQ\Debug\link.command.1.tlog
D:\新建文件夹\源代码\YLWQ\YLWQ\Debug\link.read.1.tlog
D:\新建文件夹\源代码\YLWQ\YLWQ\Debug\link.write.1.tlog
D:\新建文件夹\源代码\YLWQ\YLWQ\Debug\link-cvtres.read.1.tlog
D:\新建文件夹\源代码\YLWQ\YLWQ\Debug\link-cvtres.write.1.tlog
D:\新建文件夹\源代码\YLWQ\YLWQ\DEBUG\MAIN.OBJ
D:\新建文件夹\源代码\YLWQ\YLWQ\Debug\mt.command.1.tlog
D:\新建文件夹\源代码\YLWQ\YLWQ\Debug\mt.read.1.tlog
D:\新建文件夹\源代码\YLWQ\YLWQ\Debug\mt.write.1.tlog
D:\新建文件夹\源代码\YLWQ\YLWQ\DEBUG\PLAYER.OBJ
D:\新建文件夹\源代码\YLWQ\YLWQ\Debug\rc.command.1.tlog
D:\新建文件夹\源代码\YLWQ\YLWQ\Debug\rc.read.1.tlog
D:\新建文件夹\源代码\YLWQ\YLWQ\Debug\rc.write.1.tlog
D:\新建文件夹\源代码\YLWQ\YLWQ\DEBUG\TEXTURES.OBJ
D:\新建文件夹\源代码\YLWQ\YLWQ\Debug\vc100.idb
D:\新建文件夹\源代码\YLWQ\YLWQ\DEBUG\VC100.PDB
D:\新建文件夹\源代码\YLWQ\YLWQ\DEBUG\YLWQ.EXE.EMBED.MANIFEST
D:\新建文件夹\源代码\YLWQ\YLWQ\DEBUG\YLWQ.EXE.EMBED.MANIFEST.RES
D:\新建文件夹\源代码\YLWQ\YLWQ\DEBUG\YLWQ.EXE.INTERMEDIATE.MANIFEST
D:\新建文件夹\源代码\YLWQ\YLWQ\Debug\YLWQ_manifest.rc
